# JRE version: OpenJDK Runtime Environment (17.0.11) (build 17.0.11+0--11852314)
# Java VM: OpenJDK 64-Bit Server VM (17.0.11+0--11852314, mixed mode, tiered, compressed oops, compressed class ptrs, g1 gc, windows-amd64)
GC Precious Log:
 CPUs: 12 total, 12 available
 Memory: 14020M
 Large Page Support: Disabled
 NUMA Support: Disabled
 Compressed Oops: Enabled (Zero based)
 Heap Region Size: 2M
 Heap Min Capacity: 8M
 Heap Initial Capacity: 220M
 Heap Max Capacity: 4G
 Pre-touch: Disabled
 Parallel Workers: 10
 Concurrent Workers: 3
 Concurrent Refinement Workers: 10
 Periodic GC: Disabled
Heap:
 garbage-first heap   total 290816K, used 193510K [0x0000000700000000, 0x0000000800000000)
  region size 2048K, 28 young (57344K), 5 survivors (10240K)
 Metaspace       used 115655K, committed 116608K, reserved 1179648K
  class space    used 15971K, committed 16384K, reserved 1048576K
GC Heap History (20 events):
Event: 10.806 GC heap before
{Heap before GC invocations=34 (full 0):
 garbage-first heap   total 120832K, used 97137K [0x0000000700000000, 0x0000000800000000)
  region size 2048K, 11 young (22528K), 1 survivors (2048K)
 Metaspace       used 84932K, committed 85632K, reserved 1179648K
  class space    used 11590K, committed 11904K, reserved 1048576K
}
Event: 10.809 GC heap after
{Heap after GC invocations=35 (full 0):
 garbage-first heap   total 241664K, used 79801K [0x0000000700000000, 0x0000000800000000)
  region size 2048K, 2 young (4096K), 2 survivors (4096K)
 Metaspace       used 84932K, committed 85632K, reserved 1179648K
  class space    used 11590K, committed 11904K, reserved 1048576K
}
Event: 11.688 GC heap before
{Heap before GC invocations=35 (full 0):
 garbage-first heap   total 241664K, used 180153K [0x0000000700000000, 0x0000000800000000)
  region size 2048K, 49 young (100352K), 2 survivors (4096K)
 Metaspace       used 89482K, committed 90240K, reserved 1179648K
  class space    used 12210K, committed 12608K, reserved 1048576K
}
Event: 11.694 GC heap after
{Heap after GC invocations=36 (full 0):
 garbage-first heap   total 241664K, used 89368K [0x0000000700000000, 0x0000000800000000)
  region size 2048K, 4 young (8192K), 4 survivors (8192K)
 Metaspace       used 89482K, committed 90240K, reserved 1179648K
  class space    used 12210K, committed 12608K, reserved 1048576K
}
Event: 12.268 GC heap before
{Heap before GC invocations=36 (full 0):
 garbage-first heap   total 241664K, used 189720K [0x0000000700000000, 0x0000000800000000)
  region size 2048K, 53 young (108544K), 4 survivors (8192K)
 Metaspace       used 92050K, committed 92800K, reserved 1179648K
  class space    used 12541K, committed 12928K, reserved 1048576K
}
Event: 12.276 GC heap after
{Heap after GC invocations=37 (full 0):
 garbage-first heap   total 241664K, used 93912K [0x0000000700000000, 0x0000000800000000)
  region size 2048K, 6 young (12288K), 6 survivors (12288K)
 Metaspace       used 92050K, committed 92800K, reserved 1179648K
  class space    used 12541K, committed 12928K, reserved 1048576K
}
Event: 13.055 GC heap before
{Heap before GC invocations=37 (full 0):
 garbage-first heap   total 241664K, used 192216K [0x0000000700000000, 0x0000000800000000)
  region size 2048K, 54 young (110592K), 6 survivors (12288K)
 Metaspace       used 95899K, committed 96640K, reserved 1179648K
  class space    used 13165K, committed 13504K, reserved 1048576K
}
Event: 13.061 GC heap after
{Heap after GC invocations=38 (full 0):
 garbage-first heap   total 241664K, used 99446K [0x0000000700000000, 0x0000000800000000)
  region size 2048K, 5 young (10240K), 5 survivors (10240K)
 Metaspace       used 95899K, committed 96640K, reserved 1179648K
  class space    used 13165K, committed 13504K, reserved 1048576K
}
Event: 14.078 GC heap before
{Heap before GC invocations=38 (full 0):
 garbage-first heap   total 241664K, used 195702K [0x0000000700000000, 0x0000000800000000)
  region size 2048K, 52 young (106496K), 5 survivors (10240K)
 Metaspace       used 100281K, committed 101120K, reserved 1179648K
  class space    used 13878K, committed 14272K, reserved 1048576K
}
Event: 14.086 GC heap after
{Heap after GC invocations=39 (full 0):
 garbage-first heap   total 241664K, used 108159K [0x0000000700000000, 0x0000000800000000)
  region size 2048K, 7 young (14336K), 7 survivors (14336K)
 Metaspace       used 100281K, committed 101120K, reserved 1179648K
  class space    used 13878K, committed 14272K, reserved 1048576K
}
Event: 14.442 GC heap before
{Heap before GC invocations=39 (full 0):
 garbage-first heap   total 241664K, used 194175K [0x0000000700000000, 0x0000000800000000)
  region size 2048K, 50 young (102400K), 7 survivors (14336K)
 Metaspace       used 101018K, committed 101824K, reserved 1179648K
  class space    used 13964K, committed 14336K, reserved 1048576K
}
Event: 14.450 GC heap after
{Heap after GC invocations=40 (full 0):
 garbage-first heap   total 241664K, used 112608K [0x0000000700000000, 0x0000000800000000)
  region size 2048K, 3 young (6144K), 3 survivors (6144K)
 Metaspace       used 101018K, committed 101824K, reserved 1179648K
  class space    used 13964K, committed 14336K, reserved 1048576K
}
Event: 14.972 GC heap before
{Heap before GC invocations=40 (full 0):
 garbage-first heap   total 241664K, used 194528K [0x0000000700000000, 0x0000000800000000)
  region size 2048K, 44 young (90112K), 3 survivors (6144K)
 Metaspace       used 102646K, committed 103552K, reserved 1179648K
  class space    used 14230K, committed 14656K, reserved 1048576K
}
Event: 14.979 GC heap after
{Heap after GC invocations=41 (full 0):
 garbage-first heap   total 241664K, used 124928K [0x0000000700000000, 0x0000000800000000)
  region size 2048K, 6 young (12288K), 6 survivors (12288K)
 Metaspace       used 102646K, committed 103552K, reserved 1179648K
  class space    used 14230K, committed 14656K, reserved 1048576K
}
Event: 15.174 GC heap before
{Heap before GC invocations=41 (full 0):
 garbage-first heap   total 241664K, used 192512K [0x0000000700000000, 0x0000000800000000)
  region size 2048K, 40 young (81920K), 6 survivors (12288K)
 Metaspace       used 102646K, committed 103552K, reserved 1179648K
  class space    used 14230K, committed 14656K, reserved 1048576K
}
Event: 15.183 GC heap after
{Heap after GC invocations=42 (full 0):
 garbage-first heap   total 290816K, used 129102K [0x0000000700000000, 0x0000000800000000)
  region size 2048K, 2 young (4096K), 2 survivors (4096K)
 Metaspace       used 102646K, committed 103552K, reserved 1179648K
  class space    used 14230K, committed 14656K, reserved 1048576K
}
Event: 16.359 GC heap before
{Heap before GC invocations=42 (full 0):
 garbage-first heap   total 290816K, used 231502K [0x0000000700000000, 0x0000000800000000)
  region size 2048K, 53 young (108544K), 2 survivors (4096K)
 Metaspace       used 108671K, committed 109632K, reserved 1179648K
  class space    used 15068K, committed 15488K, reserved 1048576K
}
Event: 16.367 GC heap after
{Heap after GC invocations=43 (full 0):
 garbage-first heap   total 290816K, used 140797K [0x0000000700000000, 0x0000000800000000)
  region size 2048K, 7 young (14336K), 7 survivors (14336K)
 Metaspace       used 108671K, committed 109632K, reserved 1179648K
  class space    used 15068K, committed 15488K, reserved 1048576K
}
Event: 17.487 GC heap before
{Heap before GC invocations=43 (full 0):
 garbage-first heap   total 290816K, used 230909K [0x0000000700000000, 0x0000000800000000)
  region size 2048K, 52 young (106496K), 7 survivors (14336K)
 Metaspace       used 113899K, committed 114816K, reserved 1179648K
  class space    used 15716K, committed 16128K, reserved 1048576K
}
Event: 17.497 GC heap after
{Heap after GC invocations=44 (full 0):
 garbage-first heap   total 290816K, used 150502K [0x0000000700000000, 0x0000000800000000)
  region size 2048K, 5 young (10240K), 5 survivors (10240K)
 Metaspace       used 113899K, committed 114816K, reserved 1179648K
  class space    used 15716K, committed 16128K, reserved 1048576K
}

